{"C:\\Users\\dmitriy.kukhta\\Desktop\\git\\Ciphering-CLI-Tool\\crypt\\bin\\index.js": {"path":"C:\\Users\\dmitriy.kukhta\\Desktop\\git\\Ciphering-CLI-Tool\\crypt\\bin\\index.js","statementMap":{"0":{"start":{"line":2,"column":34},"end":{"line":2,"column":67}},"1":{"start":{"line":3,"column":29},"end":{"line":3,"column":72}},"2":{"start":{"line":4,"column":27},"end":{"line":4,"column":67}},"3":{"start":{"line":5,"column":30},"end":{"line":5,"column":73}},"4":{"start":{"line":6,"column":14},"end":{"line":6,"column":43}},"5":{"start":{"line":7,"column":23},"end":{"line":7,"column":59}},"6":{"start":{"line":8,"column":24},"end":{"line":8,"column":81}},"7":{"start":{"line":9,"column":20},"end":{"line":9,"column":67}},"8":{"start":{"line":10,"column":23},"end":{"line":10,"column":59}},"9":{"start":{"line":11,"column":20},"end":{"line":11,"column":64}},"10":{"start":{"line":13,"column":0},"end":{"line":24,"column":1}},"11":{"start":{"line":14,"column":2},"end":{"line":14,"column":31}},"12":{"start":{"line":16,"column":2},"end":{"line":22,"column":3}},"13":{"start":{"line":17,"column":4},"end":{"line":17,"column":65}},"14":{"start":{"line":18,"column":9},"end":{"line":22,"column":3}},"15":{"start":{"line":19,"column":4},"end":{"line":19,"column":57}},"16":{"start":{"line":21,"column":4},"end":{"line":21,"column":59}},"17":{"start":{"line":23,"column":2},"end":{"line":23,"column":18}},"18":{"start":{"line":26,"column":24},"end":{"line":34,"column":2}},"19":{"start":{"line":27,"column":2},"end":{"line":33,"column":3}},"20":{"start":{"line":28,"column":4},"end":{"line":28,"column":48}},"21":{"start":{"line":29,"column":9},"end":{"line":33,"column":3}},"22":{"start":{"line":30,"column":4},"end":{"line":30,"column":46}},"23":{"start":{"line":32,"column":4},"end":{"line":32,"column":39}},"24":{"start":{"line":36,"column":0},"end":{"line":52,"column":1}},"25":{"start":{"line":37,"column":21},"end":{"line":37,"column":70}},"26":{"start":{"line":38,"column":22},"end":{"line":38,"column":74}},"27":{"start":{"line":39,"column":2},"end":{"line":48,"column":5}},"28":{"start":{"line":40,"column":4},"end":{"line":47,"column":5}},"29":{"start":{"line":41,"column":6},"end":{"line":46,"column":7}},"30":{"start":{"line":42,"column":8},"end":{"line":42,"column":48}},"31":{"start":{"line":44,"column":8},"end":{"line":44,"column":55}},"32":{"start":{"line":45,"column":8},"end":{"line":45,"column":24}},"33":{"start":{"line":50,"column":2},"end":{"line":50,"column":47}},"34":{"start":{"line":51,"column":2},"end":{"line":51,"column":18}}},"fnMap":{"0":{"name":"(anonymous_0)","decl":{"start":{"line":26,"column":46},"end":{"line":26,"column":47}},"loc":{"start":{"line":26,"column":58},"end":{"line":34,"column":1}},"line":26},"1":{"name":"(anonymous_1)","decl":{"start":{"line":39,"column":56},"end":{"line":39,"column":57}},"loc":{"start":{"line":39,"column":65},"end":{"line":48,"column":3}},"line":39}},"branchMap":{"0":{"loc":{"start":{"line":16,"column":2},"end":{"line":22,"column":3}},"type":"if","locations":[{"start":{"line":16,"column":2},"end":{"line":22,"column":3}},{"start":{"line":18,"column":9},"end":{"line":22,"column":3}}],"line":16},"1":{"loc":{"start":{"line":18,"column":9},"end":{"line":22,"column":3}},"type":"if","locations":[{"start":{"line":18,"column":9},"end":{"line":22,"column":3}},{"start":{"line":20,"column":9},"end":{"line":22,"column":3}}],"line":18},"2":{"loc":{"start":{"line":27,"column":2},"end":{"line":33,"column":3}},"type":"if","locations":[{"start":{"line":27,"column":2},"end":{"line":33,"column":3}},{"start":{"line":29,"column":9},"end":{"line":33,"column":3}}],"line":27},"3":{"loc":{"start":{"line":29,"column":9},"end":{"line":33,"column":3}},"type":"if","locations":[{"start":{"line":29,"column":9},"end":{"line":33,"column":3}},{"start":{"line":31,"column":9},"end":{"line":33,"column":3}}],"line":29},"4":{"loc":{"start":{"line":37,"column":21},"end":{"line":37,"column":70}},"type":"cond-expr","locations":[{"start":{"line":37,"column":29},"end":{"line":37,"column":54}},{"start":{"line":37,"column":57},"end":{"line":37,"column":70}}],"line":37},"5":{"loc":{"start":{"line":38,"column":22},"end":{"line":38,"column":74}},"type":"cond-expr","locations":[{"start":{"line":38,"column":31},"end":{"line":38,"column":57}},{"start":{"line":38,"column":60},"end":{"line":38,"column":74}}],"line":38},"6":{"loc":{"start":{"line":40,"column":4},"end":{"line":47,"column":5}},"type":"if","locations":[{"start":{"line":40,"column":4},"end":{"line":47,"column":5}},{"start":{},"end":{}}],"line":40}},"s":{"0":0,"1":0,"2":0,"3":0,"4":0,"5":0,"6":0,"7":0,"8":0,"9":0,"10":0,"11":0,"12":0,"13":0,"14":0,"15":0,"16":0,"17":0,"18":0,"19":0,"20":0,"21":0,"22":0,"23":0,"24":0,"25":0,"26":0,"27":0,"28":0,"29":0,"30":0,"31":0,"32":0,"33":0,"34":0},"f":{"0":0,"1":0},"b":{"0":[0,0],"1":[0,0],"2":[0,0],"3":[0,0],"4":[0,0],"5":[0,0],"6":[0,0]}}
,"C:\\Users\\dmitriy.kukhta\\Desktop\\git\\Ciphering-CLI-Tool\\crypt\\errors\\cliError.js": {"path":"C:\\Users\\dmitriy.kukhta\\Desktop\\git\\Ciphering-CLI-Tool\\crypt\\errors\\cliError.js","statementMap":{"0":{"start":{"line":3,"column":8},"end":{"line":3,"column":23}},"1":{"start":{"line":4,"column":8},"end":{"line":4,"column":32}},"2":{"start":{"line":8,"column":0},"end":{"line":8,"column":26}}},"fnMap":{"0":{"name":"(anonymous_0)","decl":{"start":{"line":2,"column":4},"end":{"line":2,"column":5}},"loc":{"start":{"line":2,"column":25},"end":{"line":5,"column":5}},"line":2}},"branchMap":{},"s":{"0":9,"1":9,"2":5},"f":{"0":9},"b":{},"_coverageSchema":"1a1c01bbd47fc00a2c39e90264f33305004495a9","hash":"eccd6238816634b0ac3dbb92723aebd13e516f89"}
,"C:\\Users\\dmitriy.kukhta\\Desktop\\git\\Ciphering-CLI-Tool\\crypt\\program\\commander.js": {"path":"C:\\Users\\dmitriy.kukhta\\Desktop\\git\\Ciphering-CLI-Tool\\crypt\\program\\commander.js","statementMap":{"0":{"start":{"line":1,"column":20},"end":{"line":1,"column":67}},"1":{"start":{"line":3,"column":17},"end":{"line":6,"column":1}},"2":{"start":{"line":4,"column":20},"end":{"line":4,"column":46}},"3":{"start":{"line":5,"column":2},"end":{"line":5,"column":63}},"4":{"start":{"line":8,"column":28},"end":{"line":26,"column":1}},"5":{"start":{"line":10,"column":4},"end":{"line":10,"column":67}},"6":{"start":{"line":11,"column":16},"end":{"line":11,"column":78}},"7":{"start":{"line":13,"column":4},"end":{"line":13,"column":67}},"8":{"start":{"line":15,"column":2},"end":{"line":23,"column":3}},"9":{"start":{"line":16,"column":4},"end":{"line":16,"column":47}},"10":{"start":{"line":17,"column":9},"end":{"line":23,"column":3}},"11":{"start":{"line":18,"column":4},"end":{"line":18,"column":62}},"12":{"start":{"line":19,"column":9},"end":{"line":23,"column":3}},"13":{"start":{"line":20,"column":4},"end":{"line":20,"column":62}},"14":{"start":{"line":21,"column":9},"end":{"line":23,"column":3}},"15":{"start":{"line":22,"column":4},"end":{"line":22,"column":62}},"16":{"start":{"line":25,"column":2},"end":{"line":25,"column":35}},"17":{"start":{"line":28,"column":0},"end":{"line":33,"column":1}},"18":{"start":{"line":29,"column":2},"end":{"line":29,"column":69}},"19":{"start":{"line":31,"column":2},"end":{"line":31,"column":55}},"20":{"start":{"line":32,"column":2},"end":{"line":32,"column":18}}},"fnMap":{"0":{"name":"(anonymous_0)","decl":{"start":{"line":3,"column":17},"end":{"line":3,"column":18}},"loc":{"start":{"line":3,"column":27},"end":{"line":6,"column":1}},"line":3},"1":{"name":"(anonymous_1)","decl":{"start":{"line":8,"column":28},"end":{"line":8,"column":29}},"loc":{"start":{"line":8,"column":34},"end":{"line":26,"column":1}},"line":8}},"branchMap":{"0":{"loc":{"start":{"line":5,"column":9},"end":{"line":5,"column":62}},"type":"cond-expr","locations":[{"start":{"line":5,"column":28},"end":{"line":5,"column":55}},{"start":{"line":5,"column":58},"end":{"line":5,"column":62}}],"line":5},"1":{"loc":{"start":{"line":10,"column":4},"end":{"line":10,"column":67}},"type":"cond-expr","locations":[{"start":{"line":10,"column":30},"end":{"line":10,"column":44}},{"start":{"line":10,"column":47},"end":{"line":10,"column":67}}],"line":10},"2":{"loc":{"start":{"line":11,"column":16},"end":{"line":11,"column":78}},"type":"cond-expr","locations":[{"start":{"line":11,"column":42},"end":{"line":11,"column":56}},{"start":{"line":11,"column":59},"end":{"line":11,"column":78}}],"line":11},"3":{"loc":{"start":{"line":13,"column":4},"end":{"line":13,"column":67}},"type":"cond-expr","locations":[{"start":{"line":13,"column":30},"end":{"line":13,"column":44}},{"start":{"line":13,"column":47},"end":{"line":13,"column":67}}],"line":13},"4":{"loc":{"start":{"line":15,"column":2},"end":{"line":23,"column":3}},"type":"if","locations":[{"start":{"line":15,"column":2},"end":{"line":23,"column":3}},{"start":{"line":17,"column":9},"end":{"line":23,"column":3}}],"line":15},"5":{"loc":{"start":{"line":17,"column":9},"end":{"line":23,"column":3}},"type":"if","locations":[{"start":{"line":17,"column":9},"end":{"line":23,"column":3}},{"start":{"line":19,"column":9},"end":{"line":23,"column":3}}],"line":17},"6":{"loc":{"start":{"line":17,"column":13},"end":{"line":17,"column":65}},"type":"binary-expr","locations":[{"start":{"line":17,"column":13},"end":{"line":17,"column":19}},{"start":{"line":17,"column":23},"end":{"line":17,"column":28}},{"start":{"line":17,"column":32},"end":{"line":17,"column":38}},{"start":{"line":17,"column":42},"end":{"line":17,"column":65}}],"line":17},"7":{"loc":{"start":{"line":19,"column":9},"end":{"line":23,"column":3}},"type":"if","locations":[{"start":{"line":19,"column":9},"end":{"line":23,"column":3}},{"start":{"line":21,"column":9},"end":{"line":23,"column":3}}],"line":19},"8":{"loc":{"start":{"line":19,"column":13},"end":{"line":19,"column":89}},"type":"binary-expr","locations":[{"start":{"line":19,"column":13},"end":{"line":19,"column":19}},{"start":{"line":19,"column":24},"end":{"line":19,"column":29}},{"start":{"line":19,"column":33},"end":{"line":19,"column":39}},{"start":{"line":19,"column":44},"end":{"line":19,"column":62}},{"start":{"line":19,"column":66},"end":{"line":19,"column":89}}],"line":19},"9":{"loc":{"start":{"line":19,"column":46},"end":{"line":19,"column":61}},"type":"binary-expr","locations":[{"start":{"line":19,"column":46},"end":{"line":19,"column":51}},{"start":{"line":19,"column":55},"end":{"line":19,"column":61}}],"line":19},"10":{"loc":{"start":{"line":21,"column":9},"end":{"line":23,"column":3}},"type":"if","locations":[{"start":{"line":21,"column":9},"end":{"line":23,"column":3}},{"start":{},"end":{}}],"line":21},"11":{"loc":{"start":{"line":21,"column":13},"end":{"line":21,"column":67}},"type":"binary-expr","locations":[{"start":{"line":21,"column":13},"end":{"line":21,"column":19}},{"start":{"line":21,"column":23},"end":{"line":21,"column":29}},{"start":{"line":21,"column":33},"end":{"line":21,"column":40}},{"start":{"line":21,"column":44},"end":{"line":21,"column":67}}],"line":21}},"s":{"0":0,"1":0,"2":0,"3":0,"4":0,"5":0,"6":0,"7":0,"8":0,"9":0,"10":0,"11":0,"12":0,"13":0,"14":0,"15":0,"16":0,"17":0,"18":0,"19":0,"20":0},"f":{"0":0,"1":0},"b":{"0":[0,0],"1":[0,0],"2":[0,0],"3":[0,0],"4":[0,0],"5":[0,0],"6":[0,0,0,0],"7":[0,0],"8":[0,0,0,0,0],"9":[0,0],"10":[0,0],"11":[0,0,0,0]}}
,"C:\\Users\\dmitriy.kukhta\\Desktop\\git\\Ciphering-CLI-Tool\\crypt\\program\\error.js": {"path":"C:\\Users\\dmitriy.kukhta\\Desktop\\git\\Ciphering-CLI-Tool\\crypt\\program\\error.js","statementMap":{"0":{"start":{"line":1,"column":11},"end":{"line":1,"column":24}},"1":{"start":{"line":2,"column":20},"end":{"line":2,"column":67}},"2":{"start":{"line":3,"column":24},"end":{"line":3,"column":81}},"3":{"start":{"line":5,"column":14},"end":{"line":72,"column":1}},"4":{"start":{"line":6,"column":2},"end":{"line":37,"column":5}},"5":{"start":{"line":7,"column":4},"end":{"line":30,"column":5}},"6":{"start":{"line":12,"column":6},"end":{"line":20,"column":7}},"7":{"start":{"line":17,"column":8},"end":{"line":19,"column":10}},"8":{"start":{"line":21,"column":6},"end":{"line":25,"column":7}},"9":{"start":{"line":22,"column":8},"end":{"line":24,"column":10}},"10":{"start":{"line":27,"column":6},"end":{"line":29,"column":8}},"11":{"start":{"line":32,"column":4},"end":{"line":36,"column":5}},"12":{"start":{"line":33,"column":6},"end":{"line":35,"column":8}},"13":{"start":{"line":39,"column":2},"end":{"line":45,"column":3}},"14":{"start":{"line":40,"column":4},"end":{"line":44,"column":5}},"15":{"start":{"line":41,"column":6},"end":{"line":43,"column":8}},"16":{"start":{"line":47,"column":2},"end":{"line":58,"column":3}},"17":{"start":{"line":48,"column":4},"end":{"line":57,"column":7}},"18":{"start":{"line":49,"column":6},"end":{"line":56,"column":7}},"19":{"start":{"line":50,"column":8},"end":{"line":55,"column":9}},"20":{"start":{"line":51,"column":10},"end":{"line":51,"column":60}},"21":{"start":{"line":53,"column":10},"end":{"line":53,"column":62}},"22":{"start":{"line":54,"column":10},"end":{"line":54,"column":26}},"23":{"start":{"line":60,"column":2},"end":{"line":71,"column":3}},"24":{"start":{"line":61,"column":4},"end":{"line":70,"column":7}},"25":{"start":{"line":62,"column":6},"end":{"line":69,"column":7}},"26":{"start":{"line":63,"column":8},"end":{"line":68,"column":9}},"27":{"start":{"line":64,"column":10},"end":{"line":64,"column":61}},"28":{"start":{"line":66,"column":10},"end":{"line":66,"column":63}},"29":{"start":{"line":67,"column":10},"end":{"line":67,"column":26}},"30":{"start":{"line":74,"column":0},"end":{"line":74,"column":23}}},"fnMap":{"0":{"name":"(anonymous_0)","decl":{"start":{"line":5,"column":14},"end":{"line":5,"column":15}},"loc":{"start":{"line":5,"column":41},"end":{"line":72,"column":1}},"line":5},"1":{"name":"(anonymous_1)","decl":{"start":{"line":6,"column":28},"end":{"line":6,"column":29}},"loc":{"start":{"line":6,"column":44},"end":{"line":37,"column":3}},"line":6},"2":{"name":"(anonymous_2)","decl":{"start":{"line":48,"column":30},"end":{"line":48,"column":31}},"loc":{"start":{"line":48,"column":39},"end":{"line":57,"column":5}},"line":48},"3":{"name":"(anonymous_3)","decl":{"start":{"line":61,"column":31},"end":{"line":61,"column":32}},"loc":{"start":{"line":61,"column":40},"end":{"line":70,"column":5}},"line":61}},"branchMap":{"0":{"loc":{"start":{"line":7,"column":4},"end":{"line":30,"column":5}},"type":"if","locations":[{"start":{"line":7,"column":4},"end":{"line":30,"column":5}},{"start":{"line":26,"column":11},"end":{"line":30,"column":5}}],"line":7},"1":{"loc":{"start":{"line":8,"column":6},"end":{"line":10,"column":27}},"type":"binary-expr","locations":[{"start":{"line":8,"column":6},"end":{"line":8,"column":27}},{"start":{"line":9,"column":6},"end":{"line":9,"column":27}},{"start":{"line":10,"column":6},"end":{"line":10,"column":27}}],"line":8},"2":{"loc":{"start":{"line":12,"column":6},"end":{"line":20,"column":7}},"type":"if","locations":[{"start":{"line":12,"column":6},"end":{"line":20,"column":7}},{"start":{},"end":{}}],"line":12},"3":{"loc":{"start":{"line":13,"column":8},"end":{"line":15,"column":29}},"type":"binary-expr","locations":[{"start":{"line":13,"column":8},"end":{"line":13,"column":29}},{"start":{"line":14,"column":8},"end":{"line":14,"column":29}},{"start":{"line":15,"column":8},"end":{"line":15,"column":29}}],"line":13},"4":{"loc":{"start":{"line":21,"column":6},"end":{"line":25,"column":7}},"type":"if","locations":[{"start":{"line":21,"column":6},"end":{"line":25,"column":7}},{"start":{},"end":{}}],"line":21},"5":{"loc":{"start":{"line":21,"column":10},"end":{"line":21,"column":48}},"type":"binary-expr","locations":[{"start":{"line":21,"column":10},"end":{"line":21,"column":31}},{"start":{"line":21,"column":35},"end":{"line":21,"column":48}}],"line":21},"6":{"loc":{"start":{"line":32,"column":4},"end":{"line":36,"column":5}},"type":"if","locations":[{"start":{"line":32,"column":4},"end":{"line":36,"column":5}},{"start":{},"end":{}}],"line":32},"7":{"loc":{"start":{"line":39,"column":2},"end":{"line":45,"column":3}},"type":"if","locations":[{"start":{"line":39,"column":2},"end":{"line":45,"column":3}},{"start":{},"end":{}}],"line":39},"8":{"loc":{"start":{"line":39,"column":6},"end":{"line":39,"column":21}},"type":"binary-expr","locations":[{"start":{"line":39,"column":6},"end":{"line":39,"column":11}},{"start":{"line":39,"column":15},"end":{"line":39,"column":21}}],"line":39},"9":{"loc":{"start":{"line":40,"column":4},"end":{"line":44,"column":5}},"type":"if","locations":[{"start":{"line":40,"column":4},"end":{"line":44,"column":5}},{"start":{},"end":{}}],"line":40},"10":{"loc":{"start":{"line":47,"column":2},"end":{"line":58,"column":3}},"type":"if","locations":[{"start":{"line":47,"column":2},"end":{"line":58,"column":3}},{"start":{},"end":{}}],"line":47},"11":{"loc":{"start":{"line":49,"column":6},"end":{"line":56,"column":7}},"type":"if","locations":[{"start":{"line":49,"column":6},"end":{"line":56,"column":7}},{"start":{},"end":{}}],"line":49},"12":{"loc":{"start":{"line":60,"column":2},"end":{"line":71,"column":3}},"type":"if","locations":[{"start":{"line":60,"column":2},"end":{"line":71,"column":3}},{"start":{},"end":{}}],"line":60},"13":{"loc":{"start":{"line":62,"column":6},"end":{"line":69,"column":7}},"type":"if","locations":[{"start":{"line":62,"column":6},"end":{"line":69,"column":7}},{"start":{},"end":{}}],"line":62}},"s":{"0":1,"1":1,"2":1,"3":1,"4":6,"5":6,"6":5,"7":1,"8":4,"9":1,"10":1,"11":3,"12":1,"13":2,"14":1,"15":1,"16":1,"17":1,"18":0,"19":0,"20":0,"21":0,"22":0,"23":1,"24":0,"25":0,"26":0,"27":0,"28":0,"29":0,"30":1},"f":{"0":6,"1":6,"2":0,"3":0},"b":{"0":[5,1],"1":[6,5,1],"2":[1,4],"3":[5,4,4],"4":[1,3],"5":[4,1],"6":[1,2],"7":[1,1],"8":[2,2],"9":[1,0],"10":[1,0],"11":[0,0],"12":[0,1],"13":[0,0]},"_coverageSchema":"1a1c01bbd47fc00a2c39e90264f33305004495a9","hash":"c0ea1fc6451e0df8a35bae613103eb64e2b83f43"}
,"C:\\Users\\dmitriy.kukhta\\Desktop\\git\\Ciphering-CLI-Tool\\crypt\\streams\\atbashTransfromStream.js": {"path":"C:\\Users\\dmitriy.kukhta\\Desktop\\git\\Ciphering-CLI-Tool\\crypt\\streams\\atbashTransfromStream.js","statementMap":{"0":{"start":{"line":1,"column":22},"end":{"line":1,"column":39}},"1":{"start":{"line":2,"column":14},"end":{"line":2,"column":33}},"2":{"start":{"line":6,"column":6},"end":{"line":6,"column":42}},"3":{"start":{"line":7,"column":4},"end":{"line":7,"column":26}},"4":{"start":{"line":11,"column":0},"end":{"line":11,"column":33}}},"fnMap":{"0":{"name":"(anonymous_0)","decl":{"start":{"line":5,"column":2},"end":{"line":5,"column":3}},"loc":{"start":{"line":5,"column":40},"end":{"line":8,"column":3}},"line":5}},"branchMap":{},"s":{"0":1,"1":1,"2":1,"3":1,"4":1},"f":{"0":1},"b":{},"_coverageSchema":"1a1c01bbd47fc00a2c39e90264f33305004495a9","hash":"29e5f28ab5cb95789680151b944d494b0da5f16b"}
,"C:\\Users\\dmitriy.kukhta\\Desktop\\git\\Ciphering-CLI-Tool\\crypt\\streams\\caesarTransformStream.js": {"path":"C:\\Users\\dmitriy.kukhta\\Desktop\\git\\Ciphering-CLI-Tool\\crypt\\streams\\caesarTransformStream.js","statementMap":{"0":{"start":{"line":1,"column":22},"end":{"line":1,"column":39}},"1":{"start":{"line":2,"column":15},"end":{"line":2,"column":34}},"2":{"start":{"line":6,"column":4},"end":{"line":6,"column":12}},"3":{"start":{"line":7,"column":4},"end":{"line":7,"column":25}},"4":{"start":{"line":10,"column":18},"end":{"line":10,"column":44}},"5":{"start":{"line":11,"column":4},"end":{"line":11,"column":54}},"6":{"start":{"line":12,"column":4},"end":{"line":12,"column":26}},"7":{"start":{"line":16,"column":0},"end":{"line":16,"column":33}}},"fnMap":{"0":{"name":"(anonymous_0)","decl":{"start":{"line":5,"column":2},"end":{"line":5,"column":3}},"loc":{"start":{"line":5,"column":22},"end":{"line":8,"column":3}},"line":5},"1":{"name":"(anonymous_1)","decl":{"start":{"line":9,"column":2},"end":{"line":9,"column":3}},"loc":{"start":{"line":9,"column":40},"end":{"line":13,"column":3}},"line":9}},"branchMap":{"0":{"loc":{"start":{"line":10,"column":18},"end":{"line":10,"column":44}},"type":"cond-expr","locations":[{"start":{"line":10,"column":38},"end":{"line":10,"column":39}},{"start":{"line":10,"column":42},"end":{"line":10,"column":44}}],"line":10}},"s":{"0":1,"1":1,"2":3,"3":3,"4":2,"5":2,"6":2,"7":1},"f":{"0":3,"1":2},"b":{"0":[1,1]},"_coverageSchema":"1a1c01bbd47fc00a2c39e90264f33305004495a9","hash":"a48163f52120e0a702a482cf9e5d29b76a3f7731"}
,"C:\\Users\\dmitriy.kukhta\\Desktop\\git\\Ciphering-CLI-Tool\\crypt\\streams\\readableStream.js": {"path":"C:\\Users\\dmitriy.kukhta\\Desktop\\git\\Ciphering-CLI-Tool\\crypt\\streams\\readableStream.js","statementMap":{"0":{"start":{"line":1,"column":21},"end":{"line":1,"column":38}},"1":{"start":{"line":2,"column":11},"end":{"line":2,"column":24}},"2":{"start":{"line":6,"column":4},"end":{"line":6,"column":12}},"3":{"start":{"line":7,"column":4},"end":{"line":7,"column":21}},"4":{"start":{"line":8,"column":4},"end":{"line":8,"column":19}},"5":{"start":{"line":12,"column":4},"end":{"line":19,"column":7}},"6":{"start":{"line":13,"column":6},"end":{"line":18,"column":7}},"7":{"start":{"line":14,"column":8},"end":{"line":14,"column":22}},"8":{"start":{"line":16,"column":8},"end":{"line":16,"column":21}},"9":{"start":{"line":17,"column":8},"end":{"line":17,"column":19}},"10":{"start":{"line":23,"column":16},"end":{"line":23,"column":31}},"11":{"start":{"line":24,"column":4},"end":{"line":30,"column":7}},"12":{"start":{"line":25,"column":6},"end":{"line":29,"column":7}},"13":{"start":{"line":26,"column":8},"end":{"line":26,"column":26}},"14":{"start":{"line":28,"column":8},"end":{"line":28,"column":66}},"15":{"start":{"line":34,"column":4},"end":{"line":38,"column":5}},"16":{"start":{"line":35,"column":6},"end":{"line":35,"column":51}},"17":{"start":{"line":35,"column":31},"end":{"line":35,"column":49}},"18":{"start":{"line":37,"column":6},"end":{"line":37,"column":20}},"19":{"start":{"line":42,"column":0},"end":{"line":42,"column":32}}},"fnMap":{"0":{"name":"(anonymous_0)","decl":{"start":{"line":5,"column":2},"end":{"line":5,"column":3}},"loc":{"start":{"line":5,"column":20},"end":{"line":9,"column":3}},"line":5},"1":{"name":"(anonymous_1)","decl":{"start":{"line":11,"column":2},"end":{"line":11,"column":3}},"loc":{"start":{"line":11,"column":23},"end":{"line":20,"column":3}},"line":11},"2":{"name":"(anonymous_2)","decl":{"start":{"line":12,"column":23},"end":{"line":12,"column":24}},"loc":{"start":{"line":12,"column":36},"end":{"line":19,"column":5}},"line":12},"3":{"name":"(anonymous_3)","decl":{"start":{"line":22,"column":2},"end":{"line":22,"column":3}},"loc":{"start":{"line":22,"column":11},"end":{"line":31,"column":3}},"line":22},"4":{"name":"(anonymous_4)","decl":{"start":{"line":24,"column":38},"end":{"line":24,"column":39}},"loc":{"start":{"line":24,"column":58},"end":{"line":30,"column":5}},"line":24},"5":{"name":"(anonymous_5)","decl":{"start":{"line":33,"column":2},"end":{"line":33,"column":3}},"loc":{"start":{"line":33,"column":26},"end":{"line":39,"column":3}},"line":33},"6":{"name":"(anonymous_6)","decl":{"start":{"line":35,"column":24},"end":{"line":35,"column":25}},"loc":{"start":{"line":35,"column":31},"end":{"line":35,"column":49}},"line":35}},"branchMap":{"0":{"loc":{"start":{"line":13,"column":6},"end":{"line":18,"column":7}},"type":"if","locations":[{"start":{"line":13,"column":6},"end":{"line":18,"column":7}},{"start":{"line":15,"column":13},"end":{"line":18,"column":7}}],"line":13},"1":{"loc":{"start":{"line":25,"column":6},"end":{"line":29,"column":7}},"type":"if","locations":[{"start":{"line":25,"column":6},"end":{"line":29,"column":7}},{"start":{"line":27,"column":13},"end":{"line":29,"column":7}}],"line":25},"2":{"loc":{"start":{"line":28,"column":18},"end":{"line":28,"column":64}},"type":"cond-expr","locations":[{"start":{"line":28,"column":34},"end":{"line":28,"column":57}},{"start":{"line":28,"column":60},"end":{"line":28,"column":64}}],"line":28},"3":{"loc":{"start":{"line":34,"column":4},"end":{"line":38,"column":5}},"type":"if","locations":[{"start":{"line":34,"column":4},"end":{"line":38,"column":5}},{"start":{"line":36,"column":11},"end":{"line":38,"column":5}}],"line":34},"4":{"loc":{"start":{"line":35,"column":40},"end":{"line":35,"column":48}},"type":"binary-expr","locations":[{"start":{"line":35,"column":40},"end":{"line":35,"column":41}},{"start":{"line":35,"column":45},"end":{"line":35,"column":48}}],"line":35}},"s":{"0":1,"1":1,"2":2,"3":2,"4":2,"5":2,"6":2,"7":1,"8":1,"9":1,"10":2,"11":2,"12":2,"13":0,"14":2,"15":2,"16":1,"17":1,"18":1,"19":1},"f":{"0":2,"1":2,"2":2,"3":2,"4":2,"5":2,"6":1},"b":{"0":[1,1],"1":[0,2],"2":[1,1],"3":[1,1],"4":[1,1]},"_coverageSchema":"1a1c01bbd47fc00a2c39e90264f33305004495a9","hash":"6cc276e53a1d2d4eae4c3b77cb63d7b8ed101b7f"}
,"C:\\Users\\dmitriy.kukhta\\Desktop\\git\\Ciphering-CLI-Tool\\crypt\\streams\\rotTransformStream.js": {"path":"C:\\Users\\dmitriy.kukhta\\Desktop\\git\\Ciphering-CLI-Tool\\crypt\\streams\\rotTransformStream.js","statementMap":{"0":{"start":{"line":1,"column":22},"end":{"line":1,"column":39}},"1":{"start":{"line":2,"column":15},"end":{"line":2,"column":34}},"2":{"start":{"line":6,"column":4},"end":{"line":6,"column":12}},"3":{"start":{"line":7,"column":4},"end":{"line":7,"column":25}},"4":{"start":{"line":10,"column":18},"end":{"line":10,"column":44}},"5":{"start":{"line":11,"column":4},"end":{"line":11,"column":54}},"6":{"start":{"line":12,"column":4},"end":{"line":12,"column":26}},"7":{"start":{"line":16,"column":0},"end":{"line":16,"column":30}}},"fnMap":{"0":{"name":"(anonymous_0)","decl":{"start":{"line":5,"column":2},"end":{"line":5,"column":3}},"loc":{"start":{"line":5,"column":22},"end":{"line":8,"column":3}},"line":5},"1":{"name":"(anonymous_1)","decl":{"start":{"line":9,"column":2},"end":{"line":9,"column":3}},"loc":{"start":{"line":9,"column":40},"end":{"line":13,"column":3}},"line":9}},"branchMap":{"0":{"loc":{"start":{"line":10,"column":18},"end":{"line":10,"column":44}},"type":"cond-expr","locations":[{"start":{"line":10,"column":38},"end":{"line":10,"column":39}},{"start":{"line":10,"column":42},"end":{"line":10,"column":44}}],"line":10}},"s":{"0":1,"1":1,"2":3,"3":3,"4":2,"5":2,"6":2,"7":1},"f":{"0":3,"1":2},"b":{"0":[1,1]},"_coverageSchema":"1a1c01bbd47fc00a2c39e90264f33305004495a9","hash":"2adadf1ad30f56e73b68c00950be6601e8cf4c08"}
,"C:\\Users\\dmitriy.kukhta\\Desktop\\git\\Ciphering-CLI-Tool\\crypt\\streams\\writableStream.js": {"path":"C:\\Users\\dmitriy.kukhta\\Desktop\\git\\Ciphering-CLI-Tool\\crypt\\streams\\writableStream.js","statementMap":{"0":{"start":{"line":1,"column":21},"end":{"line":1,"column":38}},"1":{"start":{"line":2,"column":11},"end":{"line":2,"column":24}},"2":{"start":{"line":6,"column":4},"end":{"line":6,"column":12}},"3":{"start":{"line":7,"column":4},"end":{"line":7,"column":21}},"4":{"start":{"line":8,"column":4},"end":{"line":8,"column":19}},"5":{"start":{"line":12,"column":4},"end":{"line":19,"column":7}},"6":{"start":{"line":13,"column":6},"end":{"line":18,"column":7}},"7":{"start":{"line":14,"column":8},"end":{"line":14,"column":22}},"8":{"start":{"line":16,"column":8},"end":{"line":16,"column":21}},"9":{"start":{"line":17,"column":8},"end":{"line":17,"column":19}},"10":{"start":{"line":23,"column":4},"end":{"line":23,"column":39}},"11":{"start":{"line":27,"column":4},"end":{"line":31,"column":5}},"12":{"start":{"line":28,"column":6},"end":{"line":28,"column":51}},"13":{"start":{"line":28,"column":31},"end":{"line":28,"column":49}},"14":{"start":{"line":30,"column":6},"end":{"line":30,"column":20}},"15":{"start":{"line":35,"column":0},"end":{"line":35,"column":32}}},"fnMap":{"0":{"name":"(anonymous_0)","decl":{"start":{"line":5,"column":2},"end":{"line":5,"column":3}},"loc":{"start":{"line":5,"column":20},"end":{"line":9,"column":3}},"line":5},"1":{"name":"(anonymous_1)","decl":{"start":{"line":11,"column":2},"end":{"line":11,"column":3}},"loc":{"start":{"line":11,"column":23},"end":{"line":20,"column":3}},"line":11},"2":{"name":"(anonymous_2)","decl":{"start":{"line":12,"column":28},"end":{"line":12,"column":29}},"loc":{"start":{"line":12,"column":41},"end":{"line":19,"column":5}},"line":12},"3":{"name":"(anonymous_3)","decl":{"start":{"line":22,"column":2},"end":{"line":22,"column":3}},"loc":{"start":{"line":22,"column":36},"end":{"line":24,"column":3}},"line":22},"4":{"name":"(anonymous_4)","decl":{"start":{"line":26,"column":2},"end":{"line":26,"column":3}},"loc":{"start":{"line":26,"column":26},"end":{"line":32,"column":3}},"line":26},"5":{"name":"(anonymous_5)","decl":{"start":{"line":28,"column":24},"end":{"line":28,"column":25}},"loc":{"start":{"line":28,"column":31},"end":{"line":28,"column":49}},"line":28}},"branchMap":{"0":{"loc":{"start":{"line":13,"column":6},"end":{"line":18,"column":7}},"type":"if","locations":[{"start":{"line":13,"column":6},"end":{"line":18,"column":7}},{"start":{"line":15,"column":13},"end":{"line":18,"column":7}}],"line":13},"1":{"loc":{"start":{"line":27,"column":4},"end":{"line":31,"column":5}},"type":"if","locations":[{"start":{"line":27,"column":4},"end":{"line":31,"column":5}},{"start":{"line":29,"column":11},"end":{"line":31,"column":5}}],"line":27},"2":{"loc":{"start":{"line":28,"column":40},"end":{"line":28,"column":48}},"type":"binary-expr","locations":[{"start":{"line":28,"column":40},"end":{"line":28,"column":41}},{"start":{"line":28,"column":45},"end":{"line":28,"column":48}}],"line":28}},"s":{"0":1,"1":1,"2":2,"3":2,"4":2,"5":2,"6":1,"7":0,"8":1,"9":1,"10":1,"11":2,"12":1,"13":1,"14":1,"15":1},"f":{"0":2,"1":2,"2":1,"3":1,"4":2,"5":1},"b":{"0":[0,1],"1":[1,1],"2":[1,1]},"_coverageSchema":"1a1c01bbd47fc00a2c39e90264f33305004495a9","hash":"562175792e7e87335d7e7feb6dc2e37eb7a9f2ce"}
}
