TN:
SF:crypt.js
FN:9,(anonymous_0)
FNF:1
FNH:1
FNDA:12,(anonymous_0)
DA:1,4
DA:3,4
DA:4,4
DA:6,4
DA:7,4
DA:9,4
DA:10,12
DA:11,12
DA:12,12
DA:13,38
DA:14,38
DA:15,38
DA:16,38
DA:17,8
DA:19,38
DA:20,2
DA:22,36
DA:23,30
DA:24,30
DA:25,30
DA:29,6
DA:35,12
DA:38,4
LF:23
LH:23
BRDA:9,0,0,2
BRDA:9,1,0,4
BRDA:15,2,0,30
BRDA:15,2,1,8
BRDA:16,3,0,8
BRDA:16,3,1,30
BRDA:19,4,0,2
BRDA:19,4,1,36
BRDA:22,5,0,30
BRDA:22,5,1,6
BRDA:25,6,0,5
BRDA:25,6,1,25
BRDA:29,7,0,1
BRDA:29,7,1,5
BRF:14
BRH:14
end_of_record
TN:
SF:utils.js
FN:1,(anonymous_0)
FN:11,(anonymous_1)
FNF:2
FNH:2
FNDA:20,(anonymous_0)
FNDA:32,(anonymous_1)
DA:1,5
DA:2,20
DA:3,19
DA:5,1
DA:6,1
DA:8,1
DA:11,5
DA:12,32
DA:13,32
DA:14,12
DA:15,12
DA:17,12
DA:19,20
DA:23,5
LF:14
LH:14
BRDA:2,0,0,19
BRDA:2,0,1,1
BRDA:13,1,0,12
BRDA:13,1,1,20
BRF:4
BRH:4
end_of_record
TN:
SF:errors\cliError.js
FN:2,(anonymous_0)
FNF:1
FNH:1
FNDA:9,(anonymous_0)
DA:3,9
DA:4,9
DA:8,5
LF:3
LH:3
BRF:0
BRH:0
end_of_record
TN:
SF:errors\configError.js\configError.js
FN:4,(anonymous_0)
FNF:1
FNH:1
FNDA:5,(anonymous_0)
DA:1,2
DA:5,5
DA:6,5
DA:10,2
LF:4
LH:4
BRF:0
BRH:0
end_of_record
TN:
SF:errors\inputOutputErorr.js\inputOutputError.js
FN:4,(anonymous_0)
FNF:1
FNH:1
FNDA:2,(anonymous_0)
DA:1,2
DA:5,2
DA:6,2
DA:10,2
LF:4
LH:4
BRF:0
BRH:0
end_of_record
TN:
SF:errors\streamError\streamError.js
FN:4,(anonymous_0)
FNF:1
FNH:1
FNDA:1,(anonymous_0)
DA:1,1
DA:5,1
DA:6,1
DA:10,1
LF:4
LH:4
BRF:0
BRH:0
end_of_record
TN:
SF:program\error.js
FN:5,(anonymous_0)
FN:6,(anonymous_1)
FN:48,(anonymous_2)
FN:61,(anonymous_3)
FNF:4
FNH:2
FNDA:7,(anonymous_0)
FNDA:7,(anonymous_1)
FNDA:0,(anonymous_2)
FNDA:0,(anonymous_3)
DA:1,1
DA:2,1
DA:3,1
DA:5,1
DA:6,7
DA:7,7
DA:12,6
DA:17,1
DA:21,5
DA:22,1
DA:27,1
DA:32,4
DA:33,1
DA:39,3
DA:40,2
DA:41,1
DA:47,2
DA:48,2
DA:49,0
DA:50,0
DA:51,0
DA:53,0
DA:54,0
DA:60,2
DA:61,1
DA:62,0
DA:63,0
DA:64,0
DA:66,0
DA:67,0
DA:74,1
LF:31
LH:21
BRDA:7,0,0,6
BRDA:7,0,1,1
BRDA:8,1,0,7
BRDA:8,1,1,6
BRDA:8,1,2,1
BRDA:12,2,0,1
BRDA:12,2,1,5
BRDA:13,3,0,6
BRDA:13,3,1,5
BRDA:13,3,2,5
BRDA:21,4,0,1
BRDA:21,4,1,4
BRDA:21,5,0,5
BRDA:21,5,1,1
BRDA:32,6,0,1
BRDA:32,6,1,3
BRDA:39,7,0,2
BRDA:39,7,1,1
BRDA:39,8,0,3
BRDA:39,8,1,3
BRDA:40,9,0,1
BRDA:40,9,1,1
BRDA:47,10,0,2
BRDA:47,10,1,0
BRDA:49,11,0,0
BRDA:49,11,1,0
BRDA:60,12,0,1
BRDA:60,12,1,1
BRDA:62,13,0,0
BRDA:62,13,1,0
BRF:30
BRH:25
end_of_record
TN:
SF:streams\atbashTransfromStream.js
FN:5,(anonymous_0)
FNF:1
FNH:1
FNDA:1,(anonymous_0)
DA:1,1
DA:2,1
DA:6,1
DA:7,1
DA:11,1
LF:5
LH:5
BRF:0
BRH:0
end_of_record
TN:
SF:streams\caesarTransformStream.js
FN:5,(anonymous_0)
FN:9,(anonymous_1)
FNF:2
FNH:2
FNDA:3,(anonymous_0)
FNDA:2,(anonymous_1)
DA:1,1
DA:2,1
DA:6,3
DA:7,3
DA:10,2
DA:11,2
DA:12,2
DA:16,1
LF:8
LH:8
BRDA:10,0,0,1
BRDA:10,0,1,1
BRF:2
BRH:2
end_of_record
TN:
SF:streams\readableStream.js
FN:5,(anonymous_0)
FN:11,(anonymous_1)
FN:12,(anonymous_2)
FN:22,(anonymous_3)
FN:24,(anonymous_4)
FN:33,(anonymous_5)
FN:35,(anonymous_6)
FNF:7
FNH:7
FNDA:2,(anonymous_0)
FNDA:2,(anonymous_1)
FNDA:2,(anonymous_2)
FNDA:2,(anonymous_3)
FNDA:2,(anonymous_4)
FNDA:2,(anonymous_5)
FNDA:1,(anonymous_6)
DA:1,1
DA:2,1
DA:6,2
DA:7,2
DA:8,2
DA:12,2
DA:13,2
DA:14,1
DA:16,1
DA:17,1
DA:23,2
DA:24,2
DA:25,2
DA:26,0
DA:28,2
DA:34,2
DA:35,1
DA:37,1
DA:42,1
LF:19
LH:18
BRDA:13,0,0,1
BRDA:13,0,1,1
BRDA:25,1,0,0
BRDA:25,1,1,2
BRDA:28,2,0,1
BRDA:28,2,1,1
BRDA:34,3,0,1
BRDA:34,3,1,1
BRDA:35,4,0,1
BRDA:35,4,1,1
BRF:10
BRH:9
end_of_record
TN:
SF:streams\rotTransformStream.js
FN:5,(anonymous_0)
FN:9,(anonymous_1)
FNF:2
FNH:2
FNDA:3,(anonymous_0)
FNDA:2,(anonymous_1)
DA:1,1
DA:2,1
DA:6,3
DA:7,3
DA:10,2
DA:11,2
DA:12,2
DA:16,1
LF:8
LH:8
BRDA:10,0,0,1
BRDA:10,0,1,1
BRF:2
BRH:2
end_of_record
TN:
SF:streams\writableStream.js
FN:5,(anonymous_0)
FN:11,(anonymous_1)
FN:12,(anonymous_2)
FN:22,(anonymous_3)
FN:26,(anonymous_4)
FN:28,(anonymous_5)
FNF:6
FNH:6
FNDA:2,(anonymous_0)
FNDA:2,(anonymous_1)
FNDA:1,(anonymous_2)
FNDA:1,(anonymous_3)
FNDA:2,(anonymous_4)
FNDA:1,(anonymous_5)
DA:1,1
DA:2,1
DA:6,2
DA:7,2
DA:8,2
DA:12,2
DA:13,1
DA:14,0
DA:16,1
DA:17,1
DA:23,1
DA:27,2
DA:28,1
DA:30,1
DA:35,1
LF:15
LH:14
BRDA:13,0,0,0
BRDA:13,0,1,1
BRDA:27,1,0,1
BRDA:27,1,1,1
BRDA:28,2,0,1
BRDA:28,2,1,1
BRF:6
BRH:5
end_of_record
